# JRE version: OpenJDK Runtime Environment Temurin-17.0.13+11 (17.0.13+11) (build 17.0.13+11)
# Java VM: OpenJDK 64-Bit Server VM Temurin-17.0.13+11 (17.0.13+11, mixed mode, tiered, compressed oops, compressed class ptrs, parallel gc, windows-amd64)
GC Precious Log:
 CPUs: 8 total, 8 available
 Memory: 7975M
 Large Page Support: Disabled
 NUMA Support: Disabled
 Compressed Oops: Enabled (32-bit)
 Alignments: Space 512K, Generation 512K, Heap 2M
 Heap Min Capacity: 100M
 Heap Initial Capacity: 100M
 Heap Max Capacity: 1G
 Pre-touch: Disabled
 Parallel Workers: 8
Heap:
 PSYoungGen      total 16384K, used 14429K [0x00000000eab00000, 0x00000000ebd80000, 0x0000000100000000)
  eden space 15360K, 87% used [0x00000000eab00000,0x00000000eb825690,0x00000000eba00000)
  from space 1024K, 94% used [0x00000000ebb80000,0x00000000ebc71fc8,0x00000000ebc80000)
  to   space 1024K, 0% used [0x00000000ebc80000,0x00000000ebc80000,0x00000000ebd80000)
 ParOldGen       total 68608K, used 56289K [0x00000000c0000000, 0x00000000c4300000, 0x00000000eab00000)
  object space 68608K, 82% used [0x00000000c0000000,0x00000000c36f86d8,0x00000000c4300000)
 Metaspace       used 71028K, committed 72256K, reserved 1114112K
  class space    used 8083K, committed 8640K, reserved 1048576K
GC Heap History (20 events):
Event: 8.338 GC heap before
{Heap before GC invocations=35 (full 3):
 PSYoungGen      total 16384K, used 15794K [0x00000000eab00000, 0x00000000ec080000, 0x0000000100000000)
  eden space 15360K, 99% used [0x00000000eab00000,0x00000000eb9f4890,0x00000000eba00000)
  from space 1024K, 46% used [0x00000000ebf00000,0x00000000ebf78000,0x00000000ec000000)
  to   space 512K, 0% used [0x00000000ec000000,0x00000000ec000000,0x00000000ec080000)
 ParOldGen       total 68608K, used 43028K [0x00000000c0000000, 0x00000000c4300000, 0x00000000eab00000)
  object space 68608K, 62% used [0x00000000c0000000,0x00000000c2a052f8,0x00000000c4300000)
 Metaspace       used 62693K, committed 63872K, reserved 1114112K
  class space    used 6955K, committed 7488K, reserved 1048576K
}
Event: 8.339 GC heap after
{Heap after GC invocations=35 (full 3):
 PSYoungGen      total 15872K, used 512K [0x00000000eab00000, 0x00000000ec080000, 0x0000000100000000)
  eden space 15360K, 0% used [0x00000000eab00000,0x00000000eab00000,0x00000000eba00000)
  from space 512K, 100% used [0x00000000ec000000,0x00000000ec080000,0x00000000ec080000)
  to   space 1024K, 0% used [0x00000000ebe80000,0x00000000ebe80000,0x00000000ebf80000)
 ParOldGen       total 68608K, used 43356K [0x00000000c0000000, 0x00000000c4300000, 0x00000000eab00000)
  object space 68608K, 63% used [0x00000000c0000000,0x00000000c2a572f8,0x00000000c4300000)
 Metaspace       used 62693K, committed 63872K, reserved 1114112K
  class space    used 6955K, committed 7488K, reserved 1048576K
}
Event: 8.433 GC heap before
{Heap before GC invocations=36 (full 3):
 PSYoungGen      total 15872K, used 15872K [0x00000000eab00000, 0x00000000ec080000, 0x0000000100000000)
  eden space 15360K, 100% used [0x00000000eab00000,0x00000000eba00000,0x00000000eba00000)
  from space 512K, 100% used [0x00000000ec000000,0x00000000ec080000,0x00000000ec080000)
  to   space 1024K, 0% used [0x00000000ebe80000,0x00000000ebe80000,0x00000000ebf80000)
 ParOldGen       total 68608K, used 43356K [0x00000000c0000000, 0x00000000c4300000, 0x00000000eab00000)
  object space 68608K, 63% used [0x00000000c0000000,0x00000000c2a572f8,0x00000000c4300000)
 Metaspace       used 63008K, committed 64128K, reserved 1114112K
  class space    used 6987K, committed 7488K, reserved 1048576K
}
Event: 8.435 GC heap after
{Heap after GC invocations=36 (full 3):
 PSYoungGen      total 16384K, used 814K [0x00000000eab00000, 0x00000000ec080000, 0x0000000100000000)
  eden space 15360K, 0% used [0x00000000eab00000,0x00000000eab00000,0x00000000eba00000)
  from space 1024K, 79% used [0x00000000ebe80000,0x00000000ebf4ba40,0x00000000ebf80000)
  to   space 1024K, 0% used [0x00000000ebf80000,0x00000000ebf80000,0x00000000ec080000)
 ParOldGen       total 68608K, used 43699K [0x00000000c0000000, 0x00000000c4300000, 0x00000000eab00000)
  object space 68608K, 63% used [0x00000000c0000000,0x00000000c2aace40,0x00000000c4300000)
 Metaspace       used 63008K, committed 64128K, reserved 1114112K
  class space    used 6987K, committed 7488K, reserved 1048576K
}
Event: 8.530 GC heap before
{Heap before GC invocations=37 (full 3):
 PSYoungGen      total 16384K, used 16174K [0x00000000eab00000, 0x00000000ec080000, 0x0000000100000000)
  eden space 15360K, 100% used [0x00000000eab00000,0x00000000eba00000,0x00000000eba00000)
  from space 1024K, 79% used [0x00000000ebe80000,0x00000000ebf4ba40,0x00000000ebf80000)
  to   space 1024K, 0% used [0x00000000ebf80000,0x00000000ebf80000,0x00000000ec080000)
 ParOldGen       total 68608K, used 43699K [0x00000000c0000000, 0x00000000c4300000, 0x00000000eab00000)
  object space 68608K, 63% used [0x00000000c0000000,0x00000000c2aace40,0x00000000c4300000)
 Metaspace       used 63747K, committed 64896K, reserved 1114112K
  class space    used 7043K, committed 7552K, reserved 1048576K
}
Event: 8.532 GC heap after
{Heap after GC invocations=37 (full 3):
 PSYoungGen      total 16384K, used 1003K [0x00000000eab00000, 0x00000000ec080000, 0x0000000100000000)
  eden space 15360K, 0% used [0x00000000eab00000,0x00000000eab00000,0x00000000eba00000)
  from space 1024K, 97% used [0x00000000ebf80000,0x00000000ec07ac40,0x00000000ec080000)
  to   space 2048K, 0% used [0x00000000ebc80000,0x00000000ebc80000,0x00000000ebe80000)
 ParOldGen       total 68608K, used 44418K [0x00000000c0000000, 0x00000000c4300000, 0x00000000eab00000)
  object space 68608K, 64% used [0x00000000c0000000,0x00000000c2b60808,0x00000000c4300000)
 Metaspace       used 63747K, committed 64896K, reserved 1114112K
  class space    used 7043K, committed 7552K, reserved 1048576K
}
Event: 8.634 GC heap before
{Heap before GC invocations=38 (full 3):
 PSYoungGen      total 16384K, used 16344K [0x00000000eab00000, 0x00000000ec080000, 0x0000000100000000)
  eden space 15360K, 99% used [0x00000000eab00000,0x00000000eb9fb4d8,0x00000000eba00000)
  from space 1024K, 97% used [0x00000000ebf80000,0x00000000ec07ac40,0x00000000ec080000)
  to   space 2048K, 0% used [0x00000000ebc80000,0x00000000ebc80000,0x00000000ebe80000)
 ParOldGen       total 68608K, used 44418K [0x00000000c0000000, 0x00000000c4300000, 0x00000000eab00000)
  object space 68608K, 64% used [0x00000000c0000000,0x00000000c2b60808,0x00000000c4300000)
 Metaspace       used 64081K, committed 65216K, reserved 1114112K
  class space    used 7080K, committed 7616K, reserved 1048576K
}
Event: 8.637 GC heap after
{Heap after GC invocations=38 (full 3):
 PSYoungGen      total 17408K, used 2042K [0x00000000eab00000, 0x00000000ec500000, 0x0000000100000000)
  eden space 15360K, 0% used [0x00000000eab00000,0x00000000eab00000,0x00000000eba00000)
  from space 2048K, 99% used [0x00000000ebc80000,0x00000000ebe7ebc8,0x00000000ebe80000)
  to   space 5632K, 0% used [0x00000000ebf80000,0x00000000ebf80000,0x00000000ec500000)
 ParOldGen       total 68608K, used 47099K [0x00000000c0000000, 0x00000000c4300000, 0x00000000eab00000)
  object space 68608K, 68% used [0x00000000c0000000,0x00000000c2dfed78,0x00000000c4300000)
 Metaspace       used 64081K, committed 65216K, reserved 1114112K
  class space    used 7080K, committed 7616K, reserved 1048576K
}
Event: 8.700 GC heap before
{Heap before GC invocations=39 (full 3):
 PSYoungGen      total 17408K, used 17402K [0x00000000eab00000, 0x00000000ec500000, 0x0000000100000000)
  eden space 15360K, 100% used [0x00000000eab00000,0x00000000eba00000,0x00000000eba00000)
  from space 2048K, 99% used [0x00000000ebc80000,0x00000000ebe7ebc8,0x00000000ebe80000)
  to   space 5632K, 0% used [0x00000000ebf80000,0x00000000ebf80000,0x00000000ec500000)
 ParOldGen       total 68608K, used 47099K [0x00000000c0000000, 0x00000000c4300000, 0x00000000eab00000)
  object space 68608K, 68% used [0x00000000c0000000,0x00000000c2dfed78,0x00000000c4300000)
 Metaspace       used 64550K, committed 65728K, reserved 1114112K
  class space    used 7151K, committed 7680K, reserved 1048576K
}
Event: 8.703 GC heap after
{Heap after GC invocations=39 (full 3):
 PSYoungGen      total 17408K, used 1884K [0x00000000eab00000, 0x00000000ec180000, 0x0000000100000000)
  eden space 15360K, 0% used [0x00000000eab00000,0x00000000eab00000,0x00000000eba00000)
  from space 2048K, 92% used [0x00000000ebf80000,0x00000000ec1573f0,0x00000000ec180000)
  to   space 3072K, 0% used [0x00000000ebb80000,0x00000000ebb80000,0x00000000ebe80000)
 ParOldGen       total 68608K, used 49121K [0x00000000c0000000, 0x00000000c4300000, 0x00000000eab00000)
  object space 68608K, 71% used [0x00000000c0000000,0x00000000c2ff8590,0x00000000c4300000)
 Metaspace       used 64550K, committed 65728K, reserved 1114112K
  class space    used 7151K, committed 7680K, reserved 1048576K
}
Event: 8.817 GC heap before
{Heap before GC invocations=40 (full 3):
 PSYoungGen      total 17408K, used 17244K [0x00000000eab00000, 0x00000000ec180000, 0x0000000100000000)
  eden space 15360K, 100% used [0x00000000eab00000,0x00000000eba00000,0x00000000eba00000)
  from space 2048K, 92% used [0x00000000ebf80000,0x00000000ec1573f0,0x00000000ec180000)
  to   space 3072K, 0% used [0x00000000ebb80000,0x00000000ebb80000,0x00000000ebe80000)
 ParOldGen       total 68608K, used 49121K [0x00000000c0000000, 0x00000000c4300000, 0x00000000eab00000)
  object space 68608K, 71% used [0x00000000c0000000,0x00000000c2ff8590,0x00000000c4300000)
 Metaspace       used 65589K, committed 66752K, reserved 1114112K
  class space    used 7306K, committed 7808K, reserved 1048576K
}
Event: 8.819 GC heap after
{Heap after GC invocations=40 (full 3):
 PSYoungGen      total 17408K, used 1728K [0x00000000eab00000, 0x00000000ec000000, 0x0000000100000000)
  eden space 15360K, 0% used [0x00000000eab00000,0x00000000eab00000,0x00000000eba00000)
  from space 2048K, 84% used [0x00000000ebb80000,0x00000000ebd30000,0x00000000ebd80000)
  to   space 2048K, 0% used [0x00000000ebe00000,0x00000000ebe00000,0x00000000ec000000)
 ParOldGen       total 68608K, used 50913K [0x00000000c0000000, 0x00000000c4300000, 0x00000000eab00000)
  object space 68608K, 74% used [0x00000000c0000000,0x00000000c31b8598,0x00000000c4300000)
 Metaspace       used 65589K, committed 66752K, reserved 1114112K
  class space    used 7306K, committed 7808K, reserved 1048576K
}
Event: 8.944 GC heap before
{Heap before GC invocations=41 (full 3):
 PSYoungGen      total 17408K, used 17088K [0x00000000eab00000, 0x00000000ec000000, 0x0000000100000000)
  eden space 15360K, 100% used [0x00000000eab00000,0x00000000eba00000,0x00000000eba00000)
  from space 2048K, 84% used [0x00000000ebb80000,0x00000000ebd30000,0x00000000ebd80000)
  to   space 2048K, 0% used [0x00000000ebe00000,0x00000000ebe00000,0x00000000ec000000)
 ParOldGen       total 68608K, used 50913K [0x00000000c0000000, 0x00000000c4300000, 0x00000000eab00000)
  object space 68608K, 74% used [0x00000000c0000000,0x00000000c31b8598,0x00000000c4300000)
 Metaspace       used 66684K, committed 67840K, reserved 1114112K
  class space    used 7460K, committed 8000K, reserved 1048576K
}
Event: 8.947 GC heap after
{Heap after GC invocations=41 (full 3):
 PSYoungGen      total 17408K, used 1933K [0x00000000eab00000, 0x00000000ec000000, 0x0000000100000000)
  eden space 15360K, 0% used [0x00000000eab00000,0x00000000eab00000,0x00000000eba00000)
  from space 2048K, 94% used [0x00000000ebe00000,0x00000000ebfe36d8,0x00000000ec000000)
  to   space 2048K, 0% used [0x00000000ebb80000,0x00000000ebb80000,0x00000000ebd80000)
 ParOldGen       total 68608K, used 52451K [0x00000000c0000000, 0x00000000c4300000, 0x00000000eab00000)
  object space 68608K, 76% used [0x00000000c0000000,0x00000000c3338da0,0x00000000c4300000)
 Metaspace       used 66684K, committed 67840K, reserved 1114112K
  class space    used 7460K, committed 8000K, reserved 1048576K
}
Event: 9.093 GC heap before
{Heap before GC invocations=42 (full 3):
 PSYoungGen      total 17408K, used 17293K [0x00000000eab00000, 0x00000000ec000000, 0x0000000100000000)
  eden space 15360K, 100% used [0x00000000eab00000,0x00000000eba00000,0x00000000eba00000)
  from space 2048K, 94% used [0x00000000ebe00000,0x00000000ebfe36d8,0x00000000ec000000)
  to   space 2048K, 0% used [0x00000000ebb80000,0x00000000ebb80000,0x00000000ebd80000)
 ParOldGen       total 68608K, used 52451K [0x00000000c0000000, 0x00000000c4300000, 0x00000000eab00000)
  object space 68608K, 76% used [0x00000000c0000000,0x00000000c3338da0,0x00000000c4300000)
 Metaspace       used 67980K, committed 69184K, reserved 1114112K
  class space    used 7641K, committed 8192K, reserved 1048576K
}
Event: 9.101 GC heap after
{Heap after GC invocations=42 (full 3):
 PSYoungGen      total 16896K, used 1463K [0x00000000eab00000, 0x00000000ebe80000, 0x0000000100000000)
  eden space 15360K, 0% used [0x00000000eab00000,0x00000000eab00000,0x00000000eba00000)
  from space 1536K, 95% used [0x00000000ebb80000,0x00000000ebceded0,0x00000000ebd00000)
  to   space 1536K, 0% used [0x00000000ebd00000,0x00000000ebd00000,0x00000000ebe80000)
 ParOldGen       total 68608K, used 54145K [0x00000000c0000000, 0x00000000c4300000, 0x00000000eab00000)
  object space 68608K, 78% used [0x00000000c0000000,0x00000000c34e07d0,0x00000000c4300000)
 Metaspace       used 67980K, committed 69184K, reserved 1114112K
  class space    used 7641K, committed 8192K, reserved 1048576K
}
Event: 9.296 GC heap before
{Heap before GC invocations=43 (full 3):
 PSYoungGen      total 16896K, used 16823K [0x00000000eab00000, 0x00000000ebe80000, 0x0000000100000000)
  eden space 15360K, 100% used [0x00000000eab00000,0x00000000eba00000,0x00000000eba00000)
  from space 1536K, 95% used [0x00000000ebb80000,0x00000000ebceded0,0x00000000ebd00000)
  to   space 1536K, 0% used [0x00000000ebd00000,0x00000000ebd00000,0x00000000ebe80000)
 ParOldGen       total 68608K, used 54145K [0x00000000c0000000, 0x00000000c4300000, 0x00000000eab00000)
  object space 68608K, 78% used [0x00000000c0000000,0x00000000c34e07d0,0x00000000c4300000)
 Metaspace       used 69401K, committed 70592K, reserved 1114112K
  class space    used 7864K, committed 8448K, reserved 1048576K
}
Event: 9.299 GC heap after
{Heap after GC invocations=43 (full 3):
 PSYoungGen      total 16896K, used 1067K [0x00000000eab00000, 0x00000000ebe80000, 0x0000000100000000)
  eden space 15360K, 0% used [0x00000000eab00000,0x00000000eab00000,0x00000000eba00000)
  from space 1536K, 69% used [0x00000000ebd00000,0x00000000ebe0af80,0x00000000ebe80000)
  to   space 1536K, 0% used [0x00000000ebb80000,0x00000000ebb80000,0x00000000ebd00000)
 ParOldGen       total 68608K, used 55459K [0x00000000c0000000, 0x00000000c4300000, 0x00000000eab00000)
  object space 68608K, 80% used [0x00000000c0000000,0x00000000c3628e80,0x00000000c4300000)
 Metaspace       used 69401K, committed 70592K, reserved 1114112K
  class space    used 7864K, committed 8448K, reserved 1048576K
}
Event: 9.523 GC heap before
{Heap before GC invocations=44 (full 3):
 PSYoungGen      total 16896K, used 16427K [0x00000000eab00000, 0x00000000ebe80000, 0x0000000100000000)
  eden space 15360K, 100% used [0x00000000eab00000,0x00000000eba00000,0x00000000eba00000)
  from space 1536K, 69% used [0x00000000ebd00000,0x00000000ebe0af80,0x00000000ebe80000)
  to   space 1536K, 0% used [0x00000000ebb80000,0x00000000ebb80000,0x00000000ebd00000)
 ParOldGen       total 68608K, used 55459K [0x00000000c0000000, 0x00000000c4300000, 0x00000000eab00000)
  object space 68608K, 80% used [0x00000000c0000000,0x00000000c3628e98,0x00000000c4300000)
 Metaspace       used 70795K, committed 71936K, reserved 1114112K
  class space    used 8062K, committed 8576K, reserved 1048576K
}
Event: 9.525 GC heap after
{Heap after GC invocations=44 (full 3):
 PSYoungGen      total 16384K, used 967K [0x00000000eab00000, 0x00000000ebd80000, 0x0000000100000000)
  eden space 15360K, 0% used [0x00000000eab00000,0x00000000eab00000,0x00000000eba00000)
  from space 1024K, 94% used [0x00000000ebb80000,0x00000000ebc71fc8,0x00000000ebc80000)
  to   space 1024K, 0% used [0x00000000ebc80000,0x00000000ebc80000,0x00000000ebd80000)
 ParOldGen       total 68608K, used 56289K [0x00000000c0000000, 0x00000000c4300000, 0x00000000eab00000)
  object space 68608K, 82% used [0x00000000c0000000,0x00000000c36f86d8,0x00000000c4300000)
 Metaspace       used 70795K, committed 71936K, reserved 1114112K
  class space    used 8062K, committed 8576K, reserved 1048576K
}

