# JRE version: OpenJDK Runtime Environment Temurin-17.0.13+11 (17.0.13+11) (build 17.0.13+11)
# Java VM: OpenJDK 64-Bit Server VM Temurin-17.0.13+11 (17.0.13+11, mixed mode, tiered, compressed oops, compressed class ptrs, parallel gc, windows-amd64)
GC Precious Log:
 CPUs: 8 total, 8 available
 Memory: 7975M
 Large Page Support: Disabled
 NUMA Support: Disabled
 Compressed Oops: Enabled (32-bit)
 Alignments: Space 512K, Generation 512K, Heap 2M
 Heap Min Capacity: 100M
 Heap Initial Capacity: 100M
 Heap Max Capacity: 1G
 Pre-touch: Disabled
 Parallel Workers: 8
Heap:
 PSYoungGen      total 13824K, used 11086K [0x00000000eab00000, 0x00000000ebc80000, 0x0000000100000000)
  eden space 11264K, 75% used [0x00000000eab00000,0x00000000eb359e50,0x00000000eb600000)
  from space 2560K, 99% used [0x00000000eb880000,0x00000000ebaf9c78,0x00000000ebb00000)
  to   space 2560K, 0% used [0x00000000eb600000,0x00000000eb600000,0x00000000eb880000)
 ParOldGen       total 272384K, used 242343K [0x00000000c0000000, 0x00000000d0a00000, 0x00000000eab00000)
  object space 272384K, 88% used [0x00000000c0000000,0x00000000ceca9c30,0x00000000d0a00000)
 Metaspace       used 73589K, committed 74816K, reserved 1179648K
  class space    used 8328K, committed 8832K, reserved 1048576K
GC Heap History (20 events):
Event: 31.054 GC heap before
{Heap before GC invocations=129 (full 9):
 PSYoungGen      total 9216K, used 8983K [0x00000000eab00000, 0x00000000eb700000, 0x0000000100000000)
  eden space 7168K, 100% used [0x00000000eab00000,0x00000000eb200000,0x00000000eb200000)
  from space 2048K, 88% used [0x00000000eb200000,0x00000000eb3c5fe0,0x00000000eb400000)
  to   space 2048K, 0% used [0x00000000eb500000,0x00000000eb500000,0x00000000eb700000)
 ParOldGen       total 239104K, used 226309K [0x00000000c0000000, 0x00000000ce980000, 0x00000000eab00000)
  object space 239104K, 94% used [0x00000000c0000000,0x00000000cdd01428,0x00000000ce980000)
 Metaspace       used 73589K, committed 74816K, reserved 1179648K
  class space    used 8328K, committed 8832K, reserved 1048576K
}
Event: 31.056 GC heap after
{Heap after GC invocations=129 (full 9):
 PSYoungGen      total 10240K, used 1714K [0x00000000eab00000, 0x00000000eb700000, 0x0000000100000000)
  eden space 8192K, 0% used [0x00000000eab00000,0x00000000eab00000,0x00000000eb300000)
  from space 2048K, 83% used [0x00000000eb500000,0x00000000eb6acbf0,0x00000000eb700000)
  to   space 2048K, 0% used [0x00000000eb300000,0x00000000eb300000,0x00000000eb500000)
 ParOldGen       total 239104K, used 227966K [0x00000000c0000000, 0x00000000ce980000, 0x00000000eab00000)
  object space 239104K, 95% used [0x00000000c0000000,0x00000000cde9fbd0,0x00000000ce980000)
 Metaspace       used 73589K, committed 74816K, reserved 1179648K
  class space    used 8328K, committed 8832K, reserved 1048576K
}
Event: 31.082 GC heap before
{Heap before GC invocations=130 (full 9):
 PSYoungGen      total 10240K, used 9906K [0x00000000eab00000, 0x00000000eb700000, 0x0000000100000000)
  eden space 8192K, 100% used [0x00000000eab00000,0x00000000eb300000,0x00000000eb300000)
  from space 2048K, 83% used [0x00000000eb500000,0x00000000eb6acbf0,0x00000000eb700000)
  to   space 2048K, 0% used [0x00000000eb300000,0x00000000eb300000,0x00000000eb500000)
 ParOldGen       total 239104K, used 227966K [0x00000000c0000000, 0x00000000ce980000, 0x00000000eab00000)
  object space 239104K, 95% used [0x00000000c0000000,0x00000000cde9fbd0,0x00000000ce980000)
 Metaspace       used 73589K, committed 74816K, reserved 1179648K
  class space    used 8328K, committed 8832K, reserved 1048576K
}
Event: 31.086 GC heap after
{Heap after GC invocations=130 (full 9):
 PSYoungGen      total 10240K, used 2026K [0x00000000eab00000, 0x00000000eb980000, 0x0000000100000000)
  eden space 8192K, 0% used [0x00000000eab00000,0x00000000eab00000,0x00000000eb300000)
  from space 2048K, 98% used [0x00000000eb300000,0x00000000eb4fa870,0x00000000eb500000)
  to   space 2560K, 0% used [0x00000000eb700000,0x00000000eb700000,0x00000000eb980000)
 ParOldGen       total 239104K, used 229545K [0x00000000c0000000, 0x00000000ce980000, 0x00000000eab00000)
  object space 239104K, 96% used [0x00000000c0000000,0x00000000ce02a7e8,0x00000000ce980000)
 Metaspace       used 73589K, committed 74816K, reserved 1179648K
  class space    used 8328K, committed 8832K, reserved 1048576K
}
Event: 31.111 GC heap before
{Heap before GC invocations=131 (full 9):
 PSYoungGen      total 10240K, used 10218K [0x00000000eab00000, 0x00000000eb980000, 0x0000000100000000)
  eden space 8192K, 100% used [0x00000000eab00000,0x00000000eb300000,0x00000000eb300000)
  from space 2048K, 98% used [0x00000000eb300000,0x00000000eb4fa870,0x00000000eb500000)
  to   space 2560K, 0% used [0x00000000eb700000,0x00000000eb700000,0x00000000eb980000)
 ParOldGen       total 239104K, used 229545K [0x00000000c0000000, 0x00000000ce980000, 0x00000000eab00000)
  object space 239104K, 96% used [0x00000000c0000000,0x00000000ce02a7e8,0x00000000ce980000)
 Metaspace       used 73589K, committed 74816K, reserved 1179648K
  class space    used 8328K, committed 8832K, reserved 1048576K
}
Event: 31.114 GC heap after
{Heap after GC invocations=131 (full 9):
 PSYoungGen      total 10240K, used 1978K [0x00000000eab00000, 0x00000000eb900000, 0x0000000100000000)
  eden space 8192K, 0% used [0x00000000eab00000,0x00000000eab00000,0x00000000eb300000)
  from space 2048K, 96% used [0x00000000eb700000,0x00000000eb8eeb40,0x00000000eb900000)
  to   space 2048K, 0% used [0x00000000eb300000,0x00000000eb300000,0x00000000eb500000)
 ParOldGen       total 239104K, used 231429K [0x00000000c0000000, 0x00000000ce980000, 0x00000000eab00000)
  object space 239104K, 96% used [0x00000000c0000000,0x00000000ce201438,0x00000000ce980000)
 Metaspace       used 73589K, committed 74816K, reserved 1179648K
  class space    used 8328K, committed 8832K, reserved 1048576K
}
Event: 31.140 GC heap before
{Heap before GC invocations=132 (full 9):
 PSYoungGen      total 10240K, used 10170K [0x00000000eab00000, 0x00000000eb900000, 0x0000000100000000)
  eden space 8192K, 100% used [0x00000000eab00000,0x00000000eb300000,0x00000000eb300000)
  from space 2048K, 96% used [0x00000000eb700000,0x00000000eb8eeb40,0x00000000eb900000)
  to   space 2048K, 0% used [0x00000000eb300000,0x00000000eb300000,0x00000000eb500000)
 ParOldGen       total 239104K, used 231429K [0x00000000c0000000, 0x00000000ce980000, 0x00000000eab00000)
  object space 239104K, 96% used [0x00000000c0000000,0x00000000ce201438,0x00000000ce980000)
 Metaspace       used 73589K, committed 74816K, reserved 1179648K
  class space    used 8328K, committed 8832K, reserved 1048576K
}
Event: 31.142 GC heap after
{Heap after GC invocations=132 (full 9):
 PSYoungGen      total 10240K, used 2028K [0x00000000eab00000, 0x00000000ebc00000, 0x0000000100000000)
  eden space 8192K, 0% used [0x00000000eab00000,0x00000000eab00000,0x00000000eb300000)
  from space 2048K, 99% used [0x00000000eb300000,0x00000000eb4fb1d0,0x00000000eb500000)
  to   space 4608K, 0% used [0x00000000eb780000,0x00000000eb780000,0x00000000ebc00000)
 ParOldGen       total 239104K, used 233282K [0x00000000c0000000, 0x00000000ce980000, 0x00000000eab00000)
  object space 239104K, 97% used [0x00000000c0000000,0x00000000ce3d0ba8,0x00000000ce980000)
 Metaspace       used 73589K, committed 74816K, reserved 1179648K
  class space    used 8328K, committed 8832K, reserved 1048576K
}
Event: 31.173 GC heap before
{Heap before GC invocations=133 (full 9):
 PSYoungGen      total 10240K, used 10220K [0x00000000eab00000, 0x00000000ebc00000, 0x0000000100000000)
  eden space 8192K, 100% used [0x00000000eab00000,0x00000000eb300000,0x00000000eb300000)
  from space 2048K, 99% used [0x00000000eb300000,0x00000000eb4fb1d0,0x00000000eb500000)
  to   space 4608K, 0% used [0x00000000eb780000,0x00000000eb780000,0x00000000ebc00000)
 ParOldGen       total 239104K, used 233282K [0x00000000c0000000, 0x00000000ce980000, 0x00000000eab00000)
  object space 239104K, 97% used [0x00000000c0000000,0x00000000ce3d0ba8,0x00000000ce980000)
 Metaspace       used 73589K, committed 74816K, reserved 1179648K
  class space    used 8328K, committed 8832K, reserved 1048576K
}
Event: 31.190 GC heap after
{Heap after GC invocations=133 (full 9):
 PSYoungGen      total 12800K, used 2033K [0x00000000eab00000, 0x00000000eba80000, 0x0000000100000000)
  eden space 9728K, 0% used [0x00000000eab00000,0x00000000eab00000,0x00000000eb480000)
  from space 3072K, 66% used [0x00000000eb780000,0x00000000eb97c640,0x00000000eba80000)
  to   space 3072K, 0% used [0x00000000eb480000,0x00000000eb480000,0x00000000eb780000)
 ParOldGen       total 239104K, used 235167K [0x00000000c0000000, 0x00000000ce980000, 0x00000000eab00000)
  object space 239104K, 98% used [0x00000000c0000000,0x00000000ce5a7de0,0x00000000ce980000)
 Metaspace       used 73589K, committed 74816K, reserved 1179648K
  class space    used 8328K, committed 8832K, reserved 1048576K
}
Event: 31.226 GC heap before
{Heap before GC invocations=134 (full 9):
 PSYoungGen      total 12800K, used 11761K [0x00000000eab00000, 0x00000000eba80000, 0x0000000100000000)
  eden space 9728K, 100% used [0x00000000eab00000,0x00000000eb480000,0x00000000eb480000)
  from space 3072K, 66% used [0x00000000eb780000,0x00000000eb97c640,0x00000000eba80000)
  to   space 3072K, 0% used [0x00000000eb480000,0x00000000eb480000,0x00000000eb780000)
 ParOldGen       total 239104K, used 235167K [0x00000000c0000000, 0x00000000ce980000, 0x00000000eab00000)
  object space 239104K, 98% used [0x00000000c0000000,0x00000000ce5a7de0,0x00000000ce980000)
 Metaspace       used 73589K, committed 74816K, reserved 1179648K
  class space    used 8328K, committed 8832K, reserved 1048576K
}
Event: 31.229 GC heap after
{Heap after GC invocations=134 (full 9):
 PSYoungGen      total 12800K, used 2330K [0x00000000eab00000, 0x00000000ebb00000, 0x0000000100000000)
  eden space 9728K, 0% used [0x00000000eab00000,0x00000000eab00000,0x00000000eb480000)
  from space 3072K, 75% used [0x00000000eb480000,0x00000000eb6c68a0,0x00000000eb780000)
  to   space 2560K, 0% used [0x00000000eb880000,0x00000000eb880000,0x00000000ebb00000)
 ParOldGen       total 239104K, used 236970K [0x00000000c0000000, 0x00000000ce980000, 0x00000000eab00000)
  object space 239104K, 99% used [0x00000000c0000000,0x00000000ce76aaa8,0x00000000ce980000)
 Metaspace       used 73589K, committed 74816K, reserved 1179648K
  class space    used 8328K, committed 8832K, reserved 1048576K
}
Event: 31.251 GC heap before
{Heap before GC invocations=135 (full 9):
 PSYoungGen      total 12800K, used 12058K [0x00000000eab00000, 0x00000000ebb00000, 0x0000000100000000)
  eden space 9728K, 100% used [0x00000000eab00000,0x00000000eb480000,0x00000000eb480000)
  from space 3072K, 75% used [0x00000000eb480000,0x00000000eb6c68a0,0x00000000eb780000)
  to   space 2560K, 0% used [0x00000000eb880000,0x00000000eb880000,0x00000000ebb00000)
 ParOldGen       total 239104K, used 236970K [0x00000000c0000000, 0x00000000ce980000, 0x00000000eab00000)
  object space 239104K, 99% used [0x00000000c0000000,0x00000000ce76aaa8,0x00000000ce980000)
 Metaspace       used 73589K, committed 74816K, reserved 1179648K
  class space    used 8328K, committed 8832K, reserved 1048576K
}
Event: 31.254 GC heap after
{Heap after GC invocations=135 (full 9):
 PSYoungGen      total 13824K, used 2224K [0x00000000eab00000, 0x00000000ebb00000, 0x0000000100000000)
  eden space 11264K, 0% used [0x00000000eab00000,0x00000000eab00000,0x00000000eb600000)
  from space 2560K, 86% used [0x00000000eb880000,0x00000000ebaac2d8,0x00000000ebb00000)
  to   space 2560K, 0% used [0x00000000eb600000,0x00000000eb600000,0x00000000eb880000)
 ParOldGen       total 239104K, used 239063K [0x00000000c0000000, 0x00000000ce980000, 0x00000000eab00000)
  object space 239104K, 99% used [0x00000000c0000000,0x00000000ce975f20,0x00000000ce980000)
 Metaspace       used 73589K, committed 74816K, reserved 1179648K
  class space    used 8328K, committed 8832K, reserved 1048576K
}
Event: 31.286 GC heap before
{Heap before GC invocations=136 (full 10):
 PSYoungGen      total 13824K, used 13488K [0x00000000eab00000, 0x00000000ebb00000, 0x0000000100000000)
  eden space 11264K, 100% used [0x00000000eab00000,0x00000000eb600000,0x00000000eb600000)
  from space 2560K, 86% used [0x00000000eb880000,0x00000000ebaac2d8,0x00000000ebb00000)
  to   space 2560K, 0% used [0x00000000eb600000,0x00000000eb600000,0x00000000eb880000)
 ParOldGen       total 239104K, used 239063K [0x00000000c0000000, 0x00000000ce980000, 0x00000000eab00000)
  object space 239104K, 99% used [0x00000000c0000000,0x00000000ce975f20,0x00000000ce980000)
 Metaspace       used 73589K, committed 74816K, reserved 1179648K
  class space    used 8328K, committed 8832K, reserved 1048576K
}
Event: 31.409 GC heap after
{Heap after GC invocations=136 (full 10):
 PSYoungGen      total 13824K, used 585K [0x00000000eab00000, 0x00000000ebc80000, 0x0000000100000000)
  eden space 11264K, 0% used [0x00000000eab00000,0x00000000eab00000,0x00000000eb600000)
  from space 2560K, 22% used [0x00000000eb880000,0x00000000eb912490,0x00000000ebb00000)
  to   space 2560K, 0% used [0x00000000eb600000,0x00000000eb600000,0x00000000eb880000)
 ParOldGen       total 272384K, used 238891K [0x00000000c0000000, 0x00000000d0a00000, 0x00000000eab00000)
  object space 272384K, 87% used [0x00000000c0000000,0x00000000ce94ae60,0x00000000d0a00000)
 Metaspace       used 73589K, committed 74816K, reserved 1179648K
  class space    used 8328K, committed 8832K, reserved 1048576K
}
Event: 31.448 GC heap before
{Heap before GC invocations=137 (full 10):
 PSYoungGen      total 13824K, used 11849K [0x00000000eab00000, 0x00000000ebc80000, 0x0000000100000000)
  eden space 11264K, 100% used [0x00000000eab00000,0x00000000eb600000,0x00000000eb600000)
  from space 2560K, 22% used [0x00000000eb880000,0x00000000eb912490,0x00000000ebb00000)
  to   space 2560K, 0% used [0x00000000eb600000,0x00000000eb600000,0x00000000eb880000)
 ParOldGen       total 272384K, used 238891K [0x00000000c0000000, 0x00000000d0a00000, 0x00000000eab00000)
  object space 272384K, 87% used [0x00000000c0000000,0x00000000ce94ae60,0x00000000d0a00000)
 Metaspace       used 73589K, committed 74816K, reserved 1179648K
  class space    used 8328K, committed 8832K, reserved 1048576K
}
Event: 31.464 GC heap after
{Heap after GC invocations=137 (full 10):
 PSYoungGen      total 13824K, used 2559K [0x00000000eab00000, 0x00000000ebc80000, 0x0000000100000000)
  eden space 11264K, 0% used [0x00000000eab00000,0x00000000eab00000,0x00000000eb600000)
  from space 2560K, 99% used [0x00000000eb600000,0x00000000eb87fe70,0x00000000eb880000)
  to   space 2560K, 0% used [0x00000000eb880000,0x00000000eb880000,0x00000000ebb00000)
 ParOldGen       total 272384K, used 239701K [0x00000000c0000000, 0x00000000d0a00000, 0x00000000eab00000)
  object space 272384K, 88% used [0x00000000c0000000,0x00000000cea156c0,0x00000000d0a00000)
 Metaspace       used 73589K, committed 74816K, reserved 1179648K
  class space    used 8328K, committed 8832K, reserved 1048576K
}
Event: 31.507 GC heap before
{Heap before GC invocations=138 (full 10):
 PSYoungGen      total 13824K, used 13823K [0x00000000eab00000, 0x00000000ebc80000, 0x0000000100000000)
  eden space 11264K, 100% used [0x00000000eab00000,0x00000000eb600000,0x00000000eb600000)
  from space 2560K, 99% used [0x00000000eb600000,0x00000000eb87fe70,0x00000000eb880000)
  to   space 2560K, 0% used [0x00000000eb880000,0x00000000eb880000,0x00000000ebb00000)
 ParOldGen       total 272384K, used 239701K [0x00000000c0000000, 0x00000000d0a00000, 0x00000000eab00000)
  object space 272384K, 88% used [0x00000000c0000000,0x00000000cea156c0,0x00000000d0a00000)
 Metaspace       used 73589K, committed 74816K, reserved 1179648K
  class space    used 8328K, committed 8832K, reserved 1048576K
}
Event: 31.510 GC heap after
{Heap after GC invocations=138 (full 10):
 PSYoungGen      total 13824K, used 2535K [0x00000000eab00000, 0x00000000ebc80000, 0x0000000100000000)
  eden space 11264K, 0% used [0x00000000eab00000,0x00000000eab00000,0x00000000eb600000)
  from space 2560K, 99% used [0x00000000eb880000,0x00000000ebaf9c78,0x00000000ebb00000)
  to   space 2560K, 0% used [0x00000000eb600000,0x00000000eb600000,0x00000000eb880000)
 ParOldGen       total 272384K, used 242343K [0x00000000c0000000, 0x00000000d0a00000, 0x00000000eab00000)
  object space 272384K, 88% used [0x00000000c0000000,0x00000000ceca9c30,0x00000000d0a00000)
 Metaspace       used 73589K, committed 74816K, reserved 1179648K
  class space    used 8328K, committed 8832K, reserved 1048576K
}

