# JRE version: OpenJDK Runtime Environment Temurin-17.0.13+11 (17.0.13+11) (build 17.0.13+11)
# Java VM: OpenJDK 64-Bit Server VM Temurin-17.0.13+11 (17.0.13+11, mixed mode, tiered, compressed oops, compressed class ptrs, parallel gc, windows-amd64)
GC Precious Log:
 CPUs: 8 total, 8 available
 Memory: 7975M
 Large Page Support: Disabled
 NUMA Support: Disabled
 Compressed Oops: Enabled (32-bit)
 Alignments: Space 512K, Generation 512K, Heap 2M
 Heap Min Capacity: 100M
 Heap Initial Capacity: 100M
 Heap Max Capacity: 1G
 Pre-touch: Disabled
 Parallel Workers: 8
Heap:
 PSYoungGen      total 13824K, used 7109K [0x00000000eab00000, 0x00000000eba80000, 0x0000000100000000)
  eden space 13312K, 50% used [0x00000000eab00000,0x00000000eb182630,0x00000000eb800000)
  from space 512K, 86% used [0x00000000eba00000,0x00000000eba6f118,0x00000000eba80000)
  to   space 512K, 0% used [0x00000000eb980000,0x00000000eb980000,0x00000000eba00000)
 ParOldGen       total 68608K, used 52489K [0x00000000c0000000, 0x00000000c4300000, 0x00000000eab00000)
  object space 68608K, 76% used [0x00000000c0000000,0x00000000c3342450,0x00000000c4300000)
 Metaspace       used 71128K, committed 72192K, reserved 1114112K
  class space    used 8093K, committed 8576K, reserved 1048576K
GC Heap History (20 events):
Event: 7.776 GC heap before
{Heap before GC invocations=36 (full 3):
 PSYoungGen      total 13824K, used 13824K [0x00000000eab00000, 0x00000000ebf80000, 0x0000000100000000)
  eden space 13312K, 100% used [0x00000000eab00000,0x00000000eb800000,0x00000000eb800000)
  from space 512K, 100% used [0x00000000ebf00000,0x00000000ebf80000,0x00000000ebf80000)
  to   space 1536K, 0% used [0x00000000ebc80000,0x00000000ebc80000,0x00000000ebe00000)
 ParOldGen       total 68608K, used 40502K [0x00000000c0000000, 0x00000000c4300000, 0x00000000eab00000)
  object space 68608K, 59% used [0x00000000c0000000,0x00000000c278d800,0x00000000c4300000)
 Metaspace       used 64018K, committed 65152K, reserved 1114112K
  class space    used 7085K, committed 7616K, reserved 1048576K
}
Event: 7.777 GC heap after
{Heap after GC invocations=36 (full 3):
 PSYoungGen      total 14848K, used 789K [0x00000000eab00000, 0x00000000ebf80000, 0x0000000100000000)
  eden space 13312K, 0% used [0x00000000eab00000,0x00000000eab00000,0x00000000eb800000)
  from space 1536K, 51% used [0x00000000ebc80000,0x00000000ebd45418,0x00000000ebe00000)
  to   space 1024K, 0% used [0x00000000ebe80000,0x00000000ebe80000,0x00000000ebf80000)
 ParOldGen       total 68608K, used 40990K [0x00000000c0000000, 0x00000000c4300000, 0x00000000eab00000)
  object space 68608K, 59% used [0x00000000c0000000,0x00000000c2807800,0x00000000c4300000)
 Metaspace       used 64018K, committed 65152K, reserved 1114112K
  class space    used 7085K, committed 7616K, reserved 1048576K
}
Event: 7.899 GC heap before
{Heap before GC invocations=37 (full 3):
 PSYoungGen      total 14848K, used 14100K [0x00000000eab00000, 0x00000000ebf80000, 0x0000000100000000)
  eden space 13312K, 99% used [0x00000000eab00000,0x00000000eb7fffc8,0x00000000eb800000)
  from space 1536K, 51% used [0x00000000ebc80000,0x00000000ebd45418,0x00000000ebe00000)
  to   space 1024K, 0% used [0x00000000ebe80000,0x00000000ebe80000,0x00000000ebf80000)
 ParOldGen       total 68608K, used 40990K [0x00000000c0000000, 0x00000000c4300000, 0x00000000eab00000)
  object space 68608K, 59% used [0x00000000c0000000,0x00000000c2807800,0x00000000c4300000)
 Metaspace       used 64260K, committed 65344K, reserved 1114112K
  class space    used 7112K, committed 7616K, reserved 1048576K
}
Event: 7.901 GC heap after
{Heap after GC invocations=37 (full 3):
 PSYoungGen      total 14336K, used 1022K [0x00000000eab00000, 0x00000000ebf80000, 0x0000000100000000)
  eden space 13312K, 0% used [0x00000000eab00000,0x00000000eab00000,0x00000000eb800000)
  from space 1024K, 99% used [0x00000000ebe80000,0x00000000ebf7f8f8,0x00000000ebf80000)
  to   space 3584K, 0% used [0x00000000eb880000,0x00000000eb880000,0x00000000ebc00000)
 ParOldGen       total 68608K, used 42738K [0x00000000c0000000, 0x00000000c4300000, 0x00000000eab00000)
  object space 68608K, 62% used [0x00000000c0000000,0x00000000c29bca18,0x00000000c4300000)
 Metaspace       used 64260K, committed 65344K, reserved 1114112K
  class space    used 7112K, committed 7616K, reserved 1048576K
}
Event: 8.026 GC heap before
{Heap before GC invocations=38 (full 3):
 PSYoungGen      total 14336K, used 14334K [0x00000000eab00000, 0x00000000ebf80000, 0x0000000100000000)
  eden space 13312K, 100% used [0x00000000eab00000,0x00000000eb800000,0x00000000eb800000)
  from space 1024K, 99% used [0x00000000ebe80000,0x00000000ebf7f8f8,0x00000000ebf80000)
  to   space 3584K, 0% used [0x00000000eb880000,0x00000000eb880000,0x00000000ebc00000)
 ParOldGen       total 68608K, used 42738K [0x00000000c0000000, 0x00000000c4300000, 0x00000000eab00000)
  object space 68608K, 62% used [0x00000000c0000000,0x00000000c29bca18,0x00000000c4300000)
 Metaspace       used 64628K, committed 65728K, reserved 1114112K
  class space    used 7148K, committed 7680K, reserved 1048576K
}
Event: 8.028 GC heap after
{Heap after GC invocations=38 (full 3):
 PSYoungGen      total 16896K, used 3527K [0x00000000eab00000, 0x00000000ec000000, 0x0000000100000000)
  eden space 13312K, 0% used [0x00000000eab00000,0x00000000eab00000,0x00000000eb800000)
  from space 3584K, 98% used [0x00000000eb880000,0x00000000ebbf1fd8,0x00000000ebc00000)
  to   space 4096K, 0% used [0x00000000ebc00000,0x00000000ebc00000,0x00000000ec000000)
 ParOldGen       total 68608K, used 43782K [0x00000000c0000000, 0x00000000c4300000, 0x00000000eab00000)
  object space 68608K, 63% used [0x00000000c0000000,0x00000000c2ac1938,0x00000000c4300000)
 Metaspace       used 64628K, committed 65728K, reserved 1114112K
  class space    used 7148K, committed 7680K, reserved 1048576K
}
Event: 8.159 GC heap before
{Heap before GC invocations=39 (full 3):
 PSYoungGen      total 16896K, used 16839K [0x00000000eab00000, 0x00000000ec000000, 0x0000000100000000)
  eden space 13312K, 100% used [0x00000000eab00000,0x00000000eb800000,0x00000000eb800000)
  from space 3584K, 98% used [0x00000000eb880000,0x00000000ebbf1fd8,0x00000000ebc00000)
  to   space 4096K, 0% used [0x00000000ebc00000,0x00000000ebc00000,0x00000000ec000000)
 ParOldGen       total 68608K, used 43782K [0x00000000c0000000, 0x00000000c4300000, 0x00000000eab00000)
  object space 68608K, 63% used [0x00000000c0000000,0x00000000c2ac1938,0x00000000c4300000)
 Metaspace       used 65382K, committed 66560K, reserved 1114112K
  class space    used 7276K, committed 7808K, reserved 1048576K
}
Event: 8.161 GC heap after
{Heap after GC invocations=39 (full 3):
 PSYoungGen      total 14848K, used 1283K [0x00000000eab00000, 0x00000000ebd80000, 0x0000000100000000)
  eden space 13312K, 0% used [0x00000000eab00000,0x00000000eab00000,0x00000000eb800000)
  from space 1536K, 83% used [0x00000000ebc00000,0x00000000ebd40c20,0x00000000ebd80000)
  to   space 2560K, 0% used [0x00000000eb880000,0x00000000eb880000,0x00000000ebb00000)
 ParOldGen       total 68608K, used 47100K [0x00000000c0000000, 0x00000000c4300000, 0x00000000eab00000)
  object space 68608K, 68% used [0x00000000c0000000,0x00000000c2dff220,0x00000000c4300000)
 Metaspace       used 65382K, committed 66560K, reserved 1114112K
  class space    used 7276K, committed 7808K, reserved 1048576K
}
Event: 8.335 GC heap before
{Heap before GC invocations=40 (full 3):
 PSYoungGen      total 14848K, used 14595K [0x00000000eab00000, 0x00000000ebd80000, 0x0000000100000000)
  eden space 13312K, 100% used [0x00000000eab00000,0x00000000eb800000,0x00000000eb800000)
  from space 1536K, 83% used [0x00000000ebc00000,0x00000000ebd40c20,0x00000000ebd80000)
  to   space 2560K, 0% used [0x00000000eb880000,0x00000000eb880000,0x00000000ebb00000)
 ParOldGen       total 68608K, used 47100K [0x00000000c0000000, 0x00000000c4300000, 0x00000000eab00000)
  object space 68608K, 68% used [0x00000000c0000000,0x00000000c2dff220,0x00000000c4300000)
 Metaspace       used 66168K, committed 67328K, reserved 1114112K
  class space    used 7373K, committed 7872K, reserved 1048576K
}
Event: 8.337 GC heap after
{Heap after GC invocations=40 (full 3):
 PSYoungGen      total 15872K, used 2101K [0x00000000eab00000, 0x00000000ebd00000, 0x0000000100000000)
  eden space 13312K, 0% used [0x00000000eab00000,0x00000000eab00000,0x00000000eb800000)
  from space 2560K, 82% used [0x00000000eb880000,0x00000000eba8d740,0x00000000ebb00000)
  to   space 2048K, 0% used [0x00000000ebb00000,0x00000000ebb00000,0x00000000ebd00000)
 ParOldGen       total 68608K, used 48252K [0x00000000c0000000, 0x00000000c4300000, 0x00000000eab00000)
  object space 68608K, 70% used [0x00000000c0000000,0x00000000c2f1f0e0,0x00000000c4300000)
 Metaspace       used 66168K, committed 67328K, reserved 1114112K
  class space    used 7373K, committed 7872K, reserved 1048576K
}
Event: 8.477 GC heap before
{Heap before GC invocations=41 (full 3):
 PSYoungGen      total 15872K, used 15413K [0x00000000eab00000, 0x00000000ebd00000, 0x0000000100000000)
  eden space 13312K, 100% used [0x00000000eab00000,0x00000000eb800000,0x00000000eb800000)
  from space 2560K, 82% used [0x00000000eb880000,0x00000000eba8d740,0x00000000ebb00000)
  to   space 2048K, 0% used [0x00000000ebb00000,0x00000000ebb00000,0x00000000ebd00000)
 ParOldGen       total 68608K, used 48252K [0x00000000c0000000, 0x00000000c4300000, 0x00000000eab00000)
  object space 68608K, 70% used [0x00000000c0000000,0x00000000c2f1f0e0,0x00000000c4300000)
 Metaspace       used 67267K, committed 68416K, reserved 1114112K
  class space    used 7533K, committed 8064K, reserved 1048576K
}
Event: 8.480 GC heap after
{Heap after GC invocations=41 (full 3):
 PSYoungGen      total 14336K, used 852K [0x00000000eab00000, 0x00000000ebc00000, 0x0000000100000000)
  eden space 13312K, 0% used [0x00000000eab00000,0x00000000eab00000,0x00000000eb800000)
  from space 1024K, 83% used [0x00000000ebb00000,0x00000000ebbd5320,0x00000000ebc00000)
  to   space 1536K, 0% used [0x00000000eb900000,0x00000000eb900000,0x00000000eba80000)
 ParOldGen       total 68608K, used 50131K [0x00000000c0000000, 0x00000000c4300000, 0x00000000eab00000)
  object space 68608K, 73% used [0x00000000c0000000,0x00000000c30f4e58,0x00000000c4300000)
 Metaspace       used 67267K, committed 68416K, reserved 1114112K
  class space    used 7533K, committed 8064K, reserved 1048576K
}
Event: 8.617 GC heap before
{Heap before GC invocations=42 (full 3):
 PSYoungGen      total 14336K, used 14164K [0x00000000eab00000, 0x00000000ebc00000, 0x0000000100000000)
  eden space 13312K, 100% used [0x00000000eab00000,0x00000000eb800000,0x00000000eb800000)
  from space 1024K, 83% used [0x00000000ebb00000,0x00000000ebbd5320,0x00000000ebc00000)
  to   space 1536K, 0% used [0x00000000eb900000,0x00000000eb900000,0x00000000eba80000)
 ParOldGen       total 68608K, used 50131K [0x00000000c0000000, 0x00000000c4300000, 0x00000000eab00000)
  object space 68608K, 73% used [0x00000000c0000000,0x00000000c30f4e58,0x00000000c4300000)
 Metaspace       used 68907K, committed 70080K, reserved 1114112K
  class space    used 7749K, committed 8256K, reserved 1048576K
}
Event: 8.619 GC heap after
{Heap after GC invocations=42 (full 3):
 PSYoungGen      total 14848K, used 1035K [0x00000000eab00000, 0x00000000ebb80000, 0x0000000100000000)
  eden space 13312K, 0% used [0x00000000eab00000,0x00000000eab00000,0x00000000eb800000)
  from space 1536K, 67% used [0x00000000eb900000,0x00000000eba02db8,0x00000000eba80000)
  to   space 1024K, 0% used [0x00000000eba80000,0x00000000eba80000,0x00000000ebb80000)
 ParOldGen       total 68608K, used 50822K [0x00000000c0000000, 0x00000000c4300000, 0x00000000eab00000)
  object space 68608K, 74% used [0x00000000c0000000,0x00000000c31a1b38,0x00000000c4300000)
 Metaspace       used 68907K, committed 70080K, reserved 1114112K
  class space    used 7749K, committed 8256K, reserved 1048576K
}
Event: 8.757 GC heap before
{Heap before GC invocations=43 (full 3):
 PSYoungGen      total 14848K, used 14347K [0x00000000eab00000, 0x00000000ebb80000, 0x0000000100000000)
  eden space 13312K, 100% used [0x00000000eab00000,0x00000000eb800000,0x00000000eb800000)
  from space 1536K, 67% used [0x00000000eb900000,0x00000000eba02db8,0x00000000eba80000)
  to   space 1024K, 0% used [0x00000000eba80000,0x00000000eba80000,0x00000000ebb80000)
 ParOldGen       total 68608K, used 50822K [0x00000000c0000000, 0x00000000c4300000, 0x00000000eab00000)
  object space 68608K, 74% used [0x00000000c0000000,0x00000000c31a1b38,0x00000000c4300000)
 Metaspace       used 69679K, committed 70784K, reserved 1114112K
  class space    used 7879K, committed 8384K, reserved 1048576K
}
Event: 8.759 GC heap after
{Heap after GC invocations=43 (full 3):
 PSYoungGen      total 14336K, used 783K [0x00000000eab00000, 0x00000000ebb80000, 0x0000000100000000)
  eden space 13312K, 0% used [0x00000000eab00000,0x00000000eab00000,0x00000000eb800000)
  from space 1024K, 76% used [0x00000000eba80000,0x00000000ebb43e58,0x00000000ebb80000)
  to   space 1024K, 0% used [0x00000000eb980000,0x00000000eb980000,0x00000000eba80000)
 ParOldGen       total 68608K, used 51616K [0x00000000c0000000, 0x00000000c4300000, 0x00000000eab00000)
  object space 68608K, 75% used [0x00000000c0000000,0x00000000c32680d0,0x00000000c4300000)
 Metaspace       used 69679K, committed 70784K, reserved 1114112K
  class space    used 7879K, committed 8384K, reserved 1048576K
}
Event: 8.877 GC heap before
{Heap before GC invocations=44 (full 3):
 PSYoungGen      total 14336K, used 14095K [0x00000000eab00000, 0x00000000ebb80000, 0x0000000100000000)
  eden space 13312K, 100% used [0x00000000eab00000,0x00000000eb800000,0x00000000eb800000)
  from space 1024K, 76% used [0x00000000eba80000,0x00000000ebb43e58,0x00000000ebb80000)
  to   space 1024K, 0% used [0x00000000eb980000,0x00000000eb980000,0x00000000eba80000)
 ParOldGen       total 68608K, used 51616K [0x00000000c0000000, 0x00000000c4300000, 0x00000000eab00000)
  object space 68608K, 75% used [0x00000000c0000000,0x00000000c32680d0,0x00000000c4300000)
 Metaspace       used 70477K, committed 71552K, reserved 1114112K
  class space    used 8028K, committed 8512K, reserved 1048576K
}
Event: 8.878 GC heap after
{Heap after GC invocations=44 (full 3):
 PSYoungGen      total 13824K, used 352K [0x00000000eab00000, 0x00000000ebb00000, 0x0000000100000000)
  eden space 13312K, 0% used [0x00000000eab00000,0x00000000eab00000,0x00000000eb800000)
  from space 512K, 68% used [0x00000000eb980000,0x00000000eb9d8000,0x00000000eba00000)
  to   space 1024K, 0% used [0x00000000eba00000,0x00000000eba00000,0x00000000ebb00000)
 ParOldGen       total 68608K, used 52249K [0x00000000c0000000, 0x00000000c4300000, 0x00000000eab00000)
  object space 68608K, 76% used [0x00000000c0000000,0x00000000c3306450,0x00000000c4300000)
 Metaspace       used 70477K, committed 71552K, reserved 1114112K
  class space    used 8028K, committed 8512K, reserved 1048576K
}
Event: 9.155 GC heap before
{Heap before GC invocations=45 (full 3):
 PSYoungGen      total 13824K, used 13664K [0x00000000eab00000, 0x00000000ebb00000, 0x0000000100000000)
  eden space 13312K, 100% used [0x00000000eab00000,0x00000000eb800000,0x00000000eb800000)
  from space 512K, 68% used [0x00000000eb980000,0x00000000eb9d8000,0x00000000eba00000)
  to   space 1024K, 0% used [0x00000000eba00000,0x00000000eba00000,0x00000000ebb00000)
 ParOldGen       total 68608K, used 52249K [0x00000000c0000000, 0x00000000c4300000, 0x00000000eab00000)
  object space 68608K, 76% used [0x00000000c0000000,0x00000000c3306450,0x00000000c4300000)
 Metaspace       used 71072K, committed 72192K, reserved 1114112K
  class space    used 8088K, committed 8576K, reserved 1048576K
}
Event: 9.156 GC heap after
{Heap after GC invocations=45 (full 3):
 PSYoungGen      total 13824K, used 444K [0x00000000eab00000, 0x00000000eba80000, 0x0000000100000000)
  eden space 13312K, 0% used [0x00000000eab00000,0x00000000eab00000,0x00000000eb800000)
  from space 512K, 86% used [0x00000000eba00000,0x00000000eba6f118,0x00000000eba80000)
  to   space 512K, 0% used [0x00000000eb980000,0x00000000eb980000,0x00000000eba00000)
 ParOldGen       total 68608K, used 52489K [0x00000000c0000000, 0x00000000c4300000, 0x00000000eab00000)
  object space 68608K, 76% used [0x00000000c0000000,0x00000000c3342450,0x00000000c4300000)
 Metaspace       used 71072K, committed 72192K, reserved 1114112K
  class space    used 8088K, committed 8576K, reserved 1048576K
}

